	at javax.microedition.rms.RecordStore.findRecord(+18)
	at javax.microedition.rms.RecordStore.getRecord(+22)
	at Store.read(+22)
	at Store.<init>(+121)
	at MainMIDlet.startApp(+43)
	at javax.microedition.midlet.Main.run(+6)
	at com.siemens.mp.ui.Image.<init>(+10)
	at javax.microedition.lcdui.Image.createImage(+13)
	at Engine.<init>(+346)
	at MainMIDlet.cmdPlay(+20)
	at MainMIDlet.commandAction(+376)
	at javax.microedition.lcdui.Displayable.executeCommand(+43)
	at javax.microedition.lcdui.Display.eventCommandAction(+10)
	at javax.microedition.lcdui.EventQueue.run(+236)
	at com.siemens.mp.ui.Image.<init>(+10)
	at javax.microedition.lcdui.Image.createImage(+13)
	at Engine.<init>(+346)
	at MainMIDlet.cmdPlay(+20)
	at MainMIDlet.commandAction(+376)
	at javax.microedition.lcdui.Displayable.executeCommand(+43)
	at javax.microedition.lcdui.Display.eventCommandAction(+10)
	at javax.microedition.lcdui.EventQueue.run(+236)
